# JRE version: OpenJDK Runtime Environment JBR-11.0.14.1.1-2043.45-jcef (11.0.14.1+1) (build 11.0.14.1+1-b2043.45)
# Java VM: OpenJDK 64-Bit Server VM JBR-11.0.14.1.1-2043.45-jcef (11.0.14.1+1-b2043.45, mixed mode, tiered, compressed oops, g1 gc, windows-amd64)
Heap:
 garbage-first heap   total 131072K, used 12544K [0x00000000d1200000, 0x0000000100000000)
  region size 1024K, 6 young (6144K), 0 survivors (0K)
 Metaspace       used 23190K, capacity 23687K, committed 24624K, reserved 1071104K
  class space    used 2237K, capacity 2406K, committed 2688K, reserved 1048576K
GC Heap History (10 events):
Event: 1.174 GC heap before
{Heap before GC invocations=0 (full 0):
 garbage-first heap   total 131072K, used 23552K [0x00000000d1200000, 0x0000000100000000)
  region size 1024K, 24 young (24576K), 0 survivors (0K)
 Metaspace       used 15920K, capacity 16465K, committed 16768K, reserved 1064960K
  class space    used 1632K, capacity 1867K, committed 1920K, reserved 1048576K
}
Event: 1.180 GC heap after
{Heap after GC invocations=1 (full 0):
 garbage-first heap   total 131072K, used 5627K [0x00000000d1200000, 0x0000000100000000)
  region size 1024K, 3 young (3072K), 3 survivors (3072K)
 Metaspace       used 15920K, capacity 16465K, committed 16768K, reserved 1064960K
  class space    used 1632K, capacity 1867K, committed 1920K, reserved 1048576K
}
Event: 1.466 GC heap before
{Heap before GC invocations=1 (full 0):
 garbage-first heap   total 131072K, used 14843K [0x00000000d1200000, 0x0000000100000000)
  region size 1024K, 13 young (13312K), 3 survivors (3072K)
 Metaspace       used 20579K, capacity 21178K, committed 21296K, reserved 1069056K
  class space    used 2164K, capacity 2412K, committed 2432K, reserved 1048576K
}
Event: 1.471 GC heap after
{Heap after GC invocations=2 (full 0):
 garbage-first heap   total 131072K, used 7164K [0x00000000d1200000, 0x0000000100000000)
  region size 1024K, 5 young (5120K), 5 survivors (5120K)
 Metaspace       used 20579K, capacity 21178K, committed 21296K, reserved 1069056K
  class space    used 2164K, capacity 2412K, committed 2432K, reserved 1048576K
}
Event: 14.617 GC heap before
{Heap before GC invocations=3 (full 0):
 garbage-first heap   total 131072K, used 13308K [0x00000000d1200000, 0x0000000100000000)
  region size 1024K, 11 young (11264K), 5 survivors (5120K)
 Metaspace       used 21123K, capacity 21743K, committed 21808K, reserved 1069056K
  class space    used 2188K, capacity 2420K, committed 2432K, reserved 1048576K
}
Event: 14.621 GC heap after
{Heap after GC invocations=4 (full 0):
 garbage-first heap   total 131072K, used 7732K [0x00000000d1200000, 0x0000000100000000)
  region size 1024K, 1 young (1024K), 1 survivors (1024K)
 Metaspace       used 21123K, capacity 21743K, committed 21808K, reserved 1069056K
  class space    used 2188K, capacity 2420K, committed 2432K, reserved 1048576K
}
Event: 1341.998 GC heap before
{Heap before GC invocations=4 (full 0):
 garbage-first heap   total 131072K, used 57908K [0x00000000d1200000, 0x0000000100000000)
  region size 1024K, 50 young (51200K), 1 survivors (1024K)
 Metaspace       used 23478K, capacity 24270K, committed 24368K, reserved 1071104K
  class space    used 2354K, capacity 2636K, committed 2688K, reserved 1048576K
}
Event: 1342.001 GC heap after
{Heap after GC invocations=5 (full 0):
 garbage-first heap   total 131072K, used 8713K [0x00000000d1200000, 0x0000000100000000)
  region size 1024K, 2 young (2048K), 2 survivors (2048K)
 Metaspace       used 23478K, capacity 24270K, committed 24368K, reserved 1071104K
  class space    used 2354K, capacity 2636K, committed 2688K, reserved 1048576K
}
Event: 5140.774 GC heap before
{Heap before GC invocations=5 (full 0):
 garbage-first heap   total 131072K, used 32265K [0x00000000d1200000, 0x0000000100000000)
  region size 1024K, 26 young (26624K), 2 survivors (2048K)
 Metaspace       used 23657K, capacity 24410K, committed 24624K, reserved 1071104K
  class space    used 2356K, capacity 2637K, committed 2688K, reserved 1048576K
}
Event: 5140.828 GC heap after
{Heap after GC invocations=6 (full 1):
 garbage-first heap   total 131072K, used 7424K [0x00000000d1200000, 0x0000000100000000)
  region size 1024K, 0 young (0K), 0 survivors (0K)
 Metaspace       used 23190K, capacity 23687K, committed 24624K, reserved 1071104K
  class space    used 2237K, capacity 2406K, committed 2688K, reserved 1048576K
}

